<?xml version="1.0" encoding="UTF-8"?>
<!-- Generated by org.testng.reporters.JUnitReportReporter -->
<testsuite hostname="Amit-Jagan-Madhav" failures="0" tests="2" name="org.drb.scripts.TestClass" time="1.489" errors="0" timestamp="2023-07-26T18:15:26 IST" skipped="0">
  <testcase classname="org.drb.scripts.TestClass" name="titleCheck" time="0.024"/>
  <system-out/>
  <testcase classname="org.drb.scripts.TestClass" name="verifyValidLogin" time="1.465"/>
  <system-out/>
</testsuite> <!-- org.drb.scripts.TestClass -->
